Analysis & Synthesis report for MyMain
Wed Dec 04 17:46:10 2013
Quartus II 64-Bit Version 13.0.1 Build 232 06/12/2013 Service Pack 1 SJ Web Edition


---------------------
; Table of Contents ;
---------------------
  1. Legal Notice
  2. Analysis & Synthesis Summary
  3. Analysis & Synthesis Settings
  4. Parallel Compilation
  5. Analysis & Synthesis Source Files Read
  6. Analysis & Synthesis Resource Usage Summary
  7. Analysis & Synthesis Resource Utilization by Entity
  8. Registers Removed During Synthesis
  9. Removed Registers Triggering Further Register Optimizations
 10. General Register Statistics
 11. Inverted Register Statistics
 12. Multiplexer Restructuring Statistics (Restructuring Performed)
 13. Elapsed Time Per Partition
 14. Analysis & Synthesis Messages
 15. Analysis & Synthesis Suppressed Messages



----------------
; Legal Notice ;
----------------
Copyright (C) 1991-2013 Altera Corporation
Your use of Altera Corporation's design tools, logic functions 
and other software and tools, and its AMPP partner logic 
functions, and any output files from any of the foregoing 
(including device programming or simulation files), and any 
associated documentation or information are expressly subject 
to the terms and conditions of the Altera Program License 
Subscription Agreement, Altera MegaCore Function License 
Agreement, or other applicable license agreement, including, 
without limitation, that your use is for the sole purpose of 
programming logic devices manufactured by Altera and sold by 
Altera or its authorized distributors.  Please refer to the 
applicable agreement for further details.



+--------------------------------------------------------------------------------------+
; Analysis & Synthesis Summary                                                         ;
+------------------------------------+-------------------------------------------------+
; Analysis & Synthesis Status        ; Successful - Wed Dec 04 17:46:10 2013           ;
; Quartus II 64-Bit Version          ; 13.0.1 Build 232 06/12/2013 SP 1 SJ Web Edition ;
; Revision Name                      ; MyMain                                          ;
; Top-level Entity Name              ; MyMain                                          ;
; Family                             ; Cyclone III                                     ;
; Total logic elements               ; 4,802                                           ;
;     Total combinational functions  ; 4,782                                           ;
;     Dedicated logic registers      ; 503                                             ;
; Total registers                    ; 503                                             ;
; Total pins                         ; 69                                              ;
; Total virtual pins                 ; 0                                               ;
; Total memory bits                  ; 0                                               ;
; Embedded Multiplier 9-bit elements ; 0                                               ;
; Total PLLs                         ; 0                                               ;
+------------------------------------+-------------------------------------------------+


+----------------------------------------------------------------------------------------------------------------------+
; Analysis & Synthesis Settings                                                                                        ;
+----------------------------------------------------------------------------+--------------------+--------------------+
; Option                                                                     ; Setting            ; Default Value      ;
+----------------------------------------------------------------------------+--------------------+--------------------+
; Device                                                                     ; EP3C16F484C6       ;                    ;
; Top-level entity name                                                      ; MyMain             ; MyMain             ;
; Family name                                                                ; Cyclone III        ; Cyclone IV GX      ;
; Use smart compilation                                                      ; Off                ; Off                ;
; Enable parallel Assembler and TimeQuest Timing Analyzer during compilation ; On                 ; On                 ;
; Enable compact report table                                                ; Off                ; Off                ;
; Restructure Multiplexers                                                   ; Auto               ; Auto               ;
; Create Debugging Nodes for IP Cores                                        ; Off                ; Off                ;
; Preserve fewer node names                                                  ; On                 ; On                 ;
; Disable OpenCore Plus hardware evaluation                                  ; Off                ; Off                ;
; Verilog Version                                                            ; Verilog_2001       ; Verilog_2001       ;
; VHDL Version                                                               ; VHDL_1993          ; VHDL_1993          ;
; State Machine Processing                                                   ; Auto               ; Auto               ;
; Safe State Machine                                                         ; Off                ; Off                ;
; Extract Verilog State Machines                                             ; On                 ; On                 ;
; Extract VHDL State Machines                                                ; On                 ; On                 ;
; Ignore Verilog initial constructs                                          ; Off                ; Off                ;
; Iteration limit for constant Verilog loops                                 ; 5000               ; 5000               ;
; Iteration limit for non-constant Verilog loops                             ; 250                ; 250                ;
; Add Pass-Through Logic to Inferred RAMs                                    ; On                 ; On                 ;
; Infer RAMs from Raw Logic                                                  ; On                 ; On                 ;
; Parallel Synthesis                                                         ; On                 ; On                 ;
; DSP Block Balancing                                                        ; Auto               ; Auto               ;
; NOT Gate Push-Back                                                         ; On                 ; On                 ;
; Power-Up Don't Care                                                        ; On                 ; On                 ;
; Remove Redundant Logic Cells                                               ; Off                ; Off                ;
; Remove Duplicate Registers                                                 ; On                 ; On                 ;
; Ignore CARRY Buffers                                                       ; Off                ; Off                ;
; Ignore CASCADE Buffers                                                     ; Off                ; Off                ;
; Ignore GLOBAL Buffers                                                      ; Off                ; Off                ;
; Ignore ROW GLOBAL Buffers                                                  ; Off                ; Off                ;
; Ignore LCELL Buffers                                                       ; Off                ; Off                ;
; Ignore SOFT Buffers                                                        ; On                 ; On                 ;
; Limit AHDL Integers to 32 Bits                                             ; Off                ; Off                ;
; Optimization Technique                                                     ; Balanced           ; Balanced           ;
; Carry Chain Length                                                         ; 70                 ; 70                 ;
; Auto Carry Chains                                                          ; On                 ; On                 ;
; Auto Open-Drain Pins                                                       ; On                 ; On                 ;
; Perform WYSIWYG Primitive Resynthesis                                      ; Off                ; Off                ;
; Auto ROM Replacement                                                       ; On                 ; On                 ;
; Auto RAM Replacement                                                       ; On                 ; On                 ;
; Auto DSP Block Replacement                                                 ; On                 ; On                 ;
; Auto Shift Register Replacement                                            ; Auto               ; Auto               ;
; Allow Shift Register Merging across Hierarchies                            ; Auto               ; Auto               ;
; Auto Clock Enable Replacement                                              ; On                 ; On                 ;
; Strict RAM Replacement                                                     ; Off                ; Off                ;
; Allow Synchronous Control Signals                                          ; On                 ; On                 ;
; Force Use of Synchronous Clear Signals                                     ; Off                ; Off                ;
; Auto RAM Block Balancing                                                   ; On                 ; On                 ;
; Auto RAM to Logic Cell Conversion                                          ; Off                ; Off                ;
; Auto Resource Sharing                                                      ; Off                ; Off                ;
; Allow Any RAM Size For Recognition                                         ; Off                ; Off                ;
; Allow Any ROM Size For Recognition                                         ; Off                ; Off                ;
; Allow Any Shift Register Size For Recognition                              ; Off                ; Off                ;
; Use LogicLock Constraints during Resource Balancing                        ; On                 ; On                 ;
; Ignore translate_off and synthesis_off directives                          ; Off                ; Off                ;
; Timing-Driven Synthesis                                                    ; On                 ; On                 ;
; Report Parameter Settings                                                  ; On                 ; On                 ;
; Report Source Assignments                                                  ; On                 ; On                 ;
; Report Connectivity Checks                                                 ; On                 ; On                 ;
; Ignore Maximum Fan-Out Assignments                                         ; Off                ; Off                ;
; Synchronization Register Chain Length                                      ; 2                  ; 2                  ;
; PowerPlay Power Optimization                                               ; Normal compilation ; Normal compilation ;
; HDL message level                                                          ; Level2             ; Level2             ;
; Suppress Register Optimization Related Messages                            ; Off                ; Off                ;
; Number of Removed Registers Reported in Synthesis Report                   ; 5000               ; 5000               ;
; Number of Swept Nodes Reported in Synthesis Report                         ; 5000               ; 5000               ;
; Number of Inverted Registers Reported in Synthesis Report                  ; 100                ; 100                ;
; Clock MUX Protection                                                       ; On                 ; On                 ;
; Auto Gated Clock Conversion                                                ; Off                ; Off                ;
; Block Design Naming                                                        ; Auto               ; Auto               ;
; SDC constraint protection                                                  ; Off                ; Off                ;
; Synthesis Effort                                                           ; Auto               ; Auto               ;
; Shift Register Replacement - Allow Asynchronous Clear Signal               ; On                 ; On                 ;
; Pre-Mapping Resynthesis Optimization                                       ; Off                ; Off                ;
; Analysis & Synthesis Message Level                                         ; Medium             ; Medium             ;
; Disable Register Merging Across Hierarchies                                ; Auto               ; Auto               ;
; Resource Aware Inference For Block RAM                                     ; On                 ; On                 ;
; Synthesis Seed                                                             ; 1                  ; 1                  ;
+----------------------------------------------------------------------------+--------------------+--------------------+


Parallel compilation was disabled, but you have multiple processors available. Enable parallel compilation to reduce compilation time.
+-------------------------------------+
; Parallel Compilation                ;
+----------------------------+--------+
; Processors                 ; Number ;
+----------------------------+--------+
; Number detected on machine ; 4      ;
; Maximum allowed            ; 1      ;
+----------------------------+--------+


+--------------------------------------------------------------------------------------------------------------------------------+
; Analysis & Synthesis Source Files Read                                                                                         ;
+----------------------------------+-----------------+------------------------+----------------------------------------+---------+
; File Name with User-Entered Path ; Used in Netlist ; File Type              ; File Name with Absolute Path           ; Library ;
+----------------------------------+-----------------+------------------------+----------------------------------------+---------+
; MyMain.v                         ; yes             ; User Verilog HDL File  ; N:/MyMain/MyMain.v                     ;         ;
; output_files/SegmentDriver.v     ; yes             ; User Verilog HDL File  ; N:/MyMain/output_files/SegmentDriver.v ;         ;
; output_files/Keyboard.v          ; yes             ; User Verilog HDL File  ; N:/MyMain/output_files/Keyboard.v      ;         ;
; output_files/VGADriver.v         ; yes             ; User Verilog HDL File  ; N:/MyMain/output_files/VGADriver.v     ;         ;
+----------------------------------+-----------------+------------------------+----------------------------------------+---------+


+-------------------------------------------------------------------+
; Analysis & Synthesis Resource Usage Summary                       ;
+---------------------------------------------+---------------------+
; Resource                                    ; Usage               ;
+---------------------------------------------+---------------------+
; Estimated Total logic elements              ; 4,802               ;
;                                             ;                     ;
; Total combinational functions               ; 4782                ;
; Logic element usage by number of LUT inputs ;                     ;
;     -- 4 input functions                    ; 994                 ;
;     -- 3 input functions                    ; 2842                ;
;     -- <=2 input functions                  ; 946                 ;
;                                             ;                     ;
; Logic elements by mode                      ;                     ;
;     -- normal mode                          ; 1541                ;
;     -- arithmetic mode                      ; 3241                ;
;                                             ;                     ;
; Total registers                             ; 503                 ;
;     -- Dedicated logic registers            ; 503                 ;
;     -- I/O registers                        ; 0                   ;
;                                             ;                     ;
; I/O pins                                    ; 69                  ;
; Embedded Multiplier 9-bit elements          ; 0                   ;
; Maximum fan-out node                        ; VGADriver:VGAD|iclk ;
; Maximum fan-out                             ; 421                 ;
; Total fan-out                               ; 16036               ;
; Average fan-out                             ; 2.96                ;
+---------------------------------------------+---------------------+


+--------------------------------------------------------------------------------------------------------------------------------------------------------------------------------------+
; Analysis & Synthesis Resource Utilization by Entity                                                                                                                                  ;
+----------------------------+-------------------+--------------+-------------+--------------+---------+-----------+------+--------------+------------------------------+--------------+
; Compilation Hierarchy Node ; LC Combinationals ; LC Registers ; Memory Bits ; DSP Elements ; DSP 9x9 ; DSP 18x18 ; Pins ; Virtual Pins ; Full Hierarchy Name          ; Library Name ;
+----------------------------+-------------------+--------------+-------------+--------------+---------+-----------+------+--------------+------------------------------+--------------+
; |MyMain                    ; 4782 (0)          ; 503 (0)      ; 0           ; 0            ; 0       ; 0         ; 69   ; 0            ; |MyMain                      ; work         ;
;    |Keyboard:KBD|          ; 94 (94)           ; 82 (82)      ; 0           ; 0            ; 0       ; 0         ; 0    ; 0            ; |MyMain|Keyboard:KBD         ; work         ;
;    |SegmentDriver:SegmD0|  ; 7 (7)             ; 0 (0)        ; 0           ; 0            ; 0       ; 0         ; 0    ; 0            ; |MyMain|SegmentDriver:SegmD0 ; work         ;
;    |SegmentDriver:SegmD1|  ; 7 (7)             ; 0 (0)        ; 0           ; 0            ; 0       ; 0         ; 0    ; 0            ; |MyMain|SegmentDriver:SegmD1 ; work         ;
;    |SegmentDriver:SegmD2|  ; 7 (7)             ; 0 (0)        ; 0           ; 0            ; 0       ; 0         ; 0    ; 0            ; |MyMain|SegmentDriver:SegmD2 ; work         ;
;    |SegmentDriver:SegmD3|  ; 7 (7)             ; 0 (0)        ; 0           ; 0            ; 0       ; 0         ; 0    ; 0            ; |MyMain|SegmentDriver:SegmD3 ; work         ;
;    |VGADriver:VGAD|        ; 4660 (4660)       ; 421 (421)    ; 0           ; 0            ; 0       ; 0         ; 0    ; 0            ; |MyMain|VGADriver:VGAD       ; work         ;
+----------------------------+-------------------+--------------+-------------+--------------+---------+-----------+------+--------------+------------------------------+--------------+
Note: For table entries with two numbers listed, the numbers in parentheses indicate the number of resources of the given type used by the specific entity alone. The numbers listed outside of parentheses indicate the total resources of the given type used by the specific entity and all of its sub-entities in the hierarchy.


+---------------------------------------------------------------------------------+
; Registers Removed During Synthesis                                              ;
+----------------------------------------+----------------------------------------+
; Register name                          ; Reason for Removal                     ;
+----------------------------------------+----------------------------------------+
; VGADriver:VGAD|B[3]                    ; Merged with VGADriver:VGAD|B[2]        ;
; VGADriver:VGAD|B[1]                    ; Merged with VGADriver:VGAD|B[0]        ;
; VGADriver:VGAD|dy[1..9,11..31]         ; Merged with VGADriver:VGAD|dy[10]      ;
; VGADriver:VGAD|dx[1..9,11..31]         ; Merged with VGADriver:VGAD|dx[10]      ;
; VGADriver:VGAD|X_toplg[0]              ; Merged with VGADriver:VGAD|X_toprg[0]  ;
; VGADriver:VGAD|Vcount[29..31]          ; Stuck at GND due to stuck port data_in ;
; VGADriver:VGAD|Hcount[29..31]          ; Stuck at GND due to stuck port data_in ;
; VGADriver:VGAD|Vcount[26..28]          ; Stuck at GND due to stuck port data_in ;
; VGADriver:VGAD|Hcount[26..28]          ; Stuck at GND due to stuck port data_in ;
; VGADriver:VGAD|Vcount[10..25]          ; Stuck at GND due to stuck port data_in ;
; Total Number of Removed Registers = 91 ;                                        ;
+----------------------------------------+----------------------------------------+


+------------------------------------------------------------------------------------------------------------------------------------------+
; Removed Registers Triggering Further Register Optimizations                                                                              ;
+---------------------------+---------------------------+----------------------------------------------------------------------------------+
; Register name             ; Reason for Removal        ; Registers Removed due to This Register                                           ;
+---------------------------+---------------------------+----------------------------------------------------------------------------------+
; VGADriver:VGAD|Vcount[31] ; Stuck at GND              ; VGADriver:VGAD|Vcount[28], VGADriver:VGAD|Vcount[27], VGADriver:VGAD|Vcount[26], ;
;                           ; due to stuck port data_in ; VGADriver:VGAD|Vcount[25], VGADriver:VGAD|Vcount[24], VGADriver:VGAD|Vcount[23], ;
;                           ;                           ; VGADriver:VGAD|Vcount[22], VGADriver:VGAD|Vcount[21], VGADriver:VGAD|Vcount[20], ;
;                           ;                           ; VGADriver:VGAD|Vcount[19], VGADriver:VGAD|Vcount[18], VGADriver:VGAD|Vcount[17], ;
;                           ;                           ; VGADriver:VGAD|Vcount[16], VGADriver:VGAD|Vcount[15], VGADriver:VGAD|Vcount[14], ;
;                           ;                           ; VGADriver:VGAD|Vcount[13], VGADriver:VGAD|Vcount[12], VGADriver:VGAD|Vcount[11], ;
;                           ;                           ; VGADriver:VGAD|Vcount[10]                                                        ;
+---------------------------+---------------------------+----------------------------------------------------------------------------------+


+------------------------------------------------------+
; General Register Statistics                          ;
+----------------------------------------------+-------+
; Statistic                                    ; Value ;
+----------------------------------------------+-------+
; Total registers                              ; 503   ;
; Number of registers using Synchronous Clear  ; 142   ;
; Number of registers using Synchronous Load   ; 0     ;
; Number of registers using Asynchronous Clear ; 0     ;
; Number of registers using Asynchronous Load  ; 0     ;
; Number of registers using Clock Enable       ; 388   ;
; Number of registers using Preset             ; 0     ;
+----------------------------------------------+-------+


+---------------------------------------------------+
; Inverted Register Statistics                      ;
+-----------------------------------------+---------+
; Inverted Register                       ; Fan out ;
+-----------------------------------------+---------+
; VGADriver:VGAD|dxb[0]                   ; 3       ;
; VGADriver:VGAD|X_topb[8]                ; 8       ;
; VGADriver:VGAD|X_topb[5]                ; 8       ;
; VGADriver:VGAD|X_topb[4]                ; 8       ;
; VGADriver:VGAD|Y_topb[8]                ; 7       ;
; VGADriver:VGAD|Y_topb[5]                ; 5       ;
; VGADriver:VGAD|Y_topb[3]                ; 5       ;
; VGADriver:VGAD|Y_topb[2]                ; 7       ;
; VGADriver:VGAD|X_toprg[9]               ; 4       ;
; VGADriver:VGAD|X_toprg[6]               ; 4       ;
; VGADriver:VGAD|X_toprg[5]               ; 4       ;
; VGADriver:VGAD|X_toprg[4]               ; 4       ;
; VGADriver:VGAD|X_toprg[2]               ; 4       ;
; VGADriver:VGAD|X_toprg[1]               ; 4       ;
; VGADriver:VGAD|Y_top[8]                 ; 4       ;
; VGADriver:VGAD|Y_top[7]                 ; 4       ;
; VGADriver:VGAD|Y_top[5]                 ; 4       ;
; VGADriver:VGAD|Y_top[4]                 ; 4       ;
; VGADriver:VGAD|Y_top[3]                 ; 4       ;
; VGADriver:VGAD|Y_top[2]                 ; 4       ;
; VGADriver:VGAD|Y_top[0]                 ; 3       ;
; VGADriver:VGAD|X_top[8]                 ; 4       ;
; VGADriver:VGAD|X_top[5]                 ; 4       ;
; VGADriver:VGAD|X_top[4]                 ; 4       ;
; Total number of inverted registers = 24 ;         ;
+-----------------------------------------+---------+


+--------------------------------------------------------------------------------------------------------------------------------------------------+
; Multiplexer Restructuring Statistics (Restructuring Performed)                                                                                   ;
+--------------------+-----------+---------------+----------------------+------------------------+------------+------------------------------------+
; Multiplexer Inputs ; Bus Width ; Baseline Area ; Area if Restructured ; Saving if Restructured ; Registered ; Example Multiplexer Output         ;
+--------------------+-----------+---------------+----------------------+------------------------+------------+------------------------------------+
; 3:1                ; 11 bits   ; 22 LEs        ; 11 LEs               ; 11 LEs                 ; Yes        ; |MyMain|Keyboard:KBD|element[9]    ;
; 3:1                ; 235 bits  ; 470 LEs       ; 235 LEs              ; 235 LEs                ; Yes        ; |MyMain|VGADriver:VGAD|X_toprg[14] ;
; 5:1                ; 4 bits    ; 12 LEs        ; 8 LEs                ; 4 LEs                  ; Yes        ; |MyMain|VGADriver:VGAD|G[0]        ;
; 6:1                ; 4 bits    ; 16 LEs        ; 4 LEs                ; 12 LEs                 ; Yes        ; |MyMain|VGADriver:VGAD|curnum0[3]  ;
; 6:1                ; 3 bits    ; 12 LEs        ; 3 LEs                ; 9 LEs                  ; Yes        ; |MyMain|VGADriver:VGAD|curnum1[3]  ;
; 6:1                ; 3 bits    ; 12 LEs        ; 3 LEs                ; 9 LEs                  ; Yes        ; |MyMain|VGADriver:VGAD|curnum2[1]  ;
; 6:1                ; 3 bits    ; 12 LEs        ; 3 LEs                ; 9 LEs                  ; Yes        ; |MyMain|VGADriver:VGAD|curnum3[3]  ;
; 10:1               ; 2 bits    ; 12 LEs        ; 8 LEs                ; 4 LEs                  ; Yes        ; |MyMain|VGADriver:VGAD|B[0]        ;
; 3:1                ; 24 bits   ; 48 LEs        ; 24 LEs               ; 24 LEs                 ; Yes        ; |MyMain|VGADriver:VGAD|X_toprg[6]  ;
; 3:1                ; 160 bits  ; 320 LEs       ; 160 LEs              ; 160 LEs                ; No         ; |MyMain|VGADriver:VGAD|Y_top       ;
; 3:1                ; 64 bits   ; 128 LEs       ; 64 LEs               ; 64 LEs                 ; No         ; |MyMain|VGADriver:VGAD|X_toplg     ;
; 3:1                ; 32 bits   ; 64 LEs        ; 32 LEs               ; 32 LEs                 ; No         ; |MyMain|VGADriver:VGAD|dyb         ;
; 3:1                ; 32 bits   ; 64 LEs        ; 32 LEs               ; 32 LEs                 ; No         ; |MyMain|VGADriver:VGAD|dxb         ;
; 3:1                ; 32 bits   ; 64 LEs        ; 32 LEs               ; 32 LEs                 ; No         ; |MyMain|VGADriver:VGAD|dyb         ;
; 3:1                ; 32 bits   ; 64 LEs        ; 32 LEs               ; 32 LEs                 ; No         ; |MyMain|VGADriver:VGAD|dxb         ;
; 3:1                ; 64 bits   ; 128 LEs       ; 64 LEs               ; 64 LEs                 ; No         ; |MyMain|VGADriver:VGAD|dyb         ;
; 3:1                ; 64 bits   ; 128 LEs       ; 64 LEs               ; 64 LEs                 ; No         ; |MyMain|VGADriver:VGAD|dxb         ;
; 3:1                ; 32 bits   ; 64 LEs        ; 32 LEs               ; 32 LEs                 ; No         ; |MyMain|VGADriver:VGAD|dxb         ;
; 4:1                ; 2 bits    ; 4 LEs         ; 4 LEs                ; 0 LEs                  ; No         ; |MyMain|VGADriver:VGAD|dy          ;
; 3:1                ; 2 bits    ; 4 LEs         ; 2 LEs                ; 2 LEs                  ; No         ; |MyMain|VGADriver:VGAD|dy          ;
; 4:1                ; 2 bits    ; 4 LEs         ; 4 LEs                ; 0 LEs                  ; No         ; |MyMain|VGADriver:VGAD|dx          ;
; 3:1                ; 2 bits    ; 4 LEs         ; 2 LEs                ; 2 LEs                  ; No         ; |MyMain|VGADriver:VGAD|dx          ;
; 4:1                ; 32 bits   ; 64 LEs        ; 64 LEs               ; 0 LEs                  ; No         ; |MyMain|VGADriver:VGAD|dyb         ;
; 4:1                ; 32 bits   ; 64 LEs        ; 64 LEs               ; 0 LEs                  ; No         ; |MyMain|VGADriver:VGAD|dxb         ;
+--------------------+-----------+---------------+----------------------+------------------------+------------+------------------------------------+


+-------------------------------+
; Elapsed Time Per Partition    ;
+----------------+--------------+
; Partition Name ; Elapsed Time ;
+----------------+--------------+
; Top            ; 00:00:28     ;
+----------------+--------------+


+-------------------------------+
; Analysis & Synthesis Messages ;
+-------------------------------+
Info: *******************************************************************
Info: Running Quartus II 64-Bit Analysis & Synthesis
    Info: Version 13.0.1 Build 232 06/12/2013 Service Pack 1 SJ Web Edition
    Info: Processing started: Wed Dec 04 17:45:38 2013
Info: Command: quartus_map --read_settings_files=on --write_settings_files=off MyMain -c MyMain
Warning (20028): Parallel compilation is not licensed and has been disabled
Info (12021): Found 1 design units, including 1 entities, in source file mymain.v
    Info (12023): Found entity 1: MyMain
Info (12021): Found 1 design units, including 1 entities, in source file output_files/segmentdriver.v
    Info (12023): Found entity 1: SegmentDriver
Warning (10229): Verilog HDL Expression warning at Keyboard.v(21): truncated literal to match 4 bits
Info (12021): Found 1 design units, including 1 entities, in source file output_files/keyboard.v
    Info (12023): Found entity 1: Keyboard
Info (12021): Found 1 design units, including 1 entities, in source file output_files/vgadriver.v
    Info (12023): Found entity 1: VGADriver
Info (12127): Elaborating entity "MyMain" for the top level hierarchy
Info (12128): Elaborating entity "SegmentDriver" for hierarchy "SegmentDriver:SegmD0"
Info (12128): Elaborating entity "Keyboard" for hierarchy "Keyboard:KBD"
Warning (10230): Verilog HDL assignment warning at Keyboard.v(20): truncated value with size 22 to match size of target (21)
Warning (10230): Verilog HDL assignment warning at Keyboard.v(44): truncated value with size 32 to match size of target (11)
Info (12128): Elaborating entity "VGADriver" for hierarchy "VGADriver:VGAD"
Warning (10036): Verilog HDL or VHDL warning at VGADriver.v(36): object "gravityb" assigned a value but never read
Warning (10230): Verilog HDL assignment warning at VGADriver.v(146): truncated value with size 32 to match size of target (4)
Warning (10230): Verilog HDL assignment warning at VGADriver.v(151): truncated value with size 32 to match size of target (4)
Warning (10230): Verilog HDL assignment warning at VGADriver.v(156): truncated value with size 32 to match size of target (4)
Warning (10230): Verilog HDL assignment warning at VGADriver.v(162): truncated value with size 32 to match size of target (4)
Info (286030): Timing-Driven Synthesis is running
Info (144001): Generated suppressed messages file N:/MyMain/output_files/MyMain.map.smsg
Info (16010): Generating hard_block partition "hard_block:auto_generated_inst"
    Info (16011): Adding 0 node(s), including 0 DDIO, 0 PLL, 0 transceiver and 0 LCELL
Info (21057): Implemented 4871 device resources after synthesis - the final resource count might be different
    Info (21058): Implemented 3 input pins
    Info (21059): Implemented 66 output pins
    Info (21061): Implemented 4802 logic cells
Info: Quartus II 64-Bit Analysis & Synthesis was successful. 0 errors, 9 warnings
    Info: Peak virtual memory: 479 megabytes
    Info: Processing ended: Wed Dec 04 17:46:10 2013
    Info: Elapsed time: 00:00:32
    Info: Total CPU time (on all processors): 00:00:30


+------------------------------------------+
; Analysis & Synthesis Suppressed Messages ;
+------------------------------------------+
The suppressed messages can be found in N:/MyMain/output_files/MyMain.map.smsg.


